app/build/intermediates/manifest_merge_blame_file/debug/manifest-merger-blame-debug-report.txt
1<?xml version="1.0" encoding="utf-8"?>
2<manifest xmlns:android="http://schemas.android.com/apk/res/android"
3    package="com.example.restaurant1"
4    android:versionCode="1"
5    android:versionName="1.0" >
6
7    <uses-sdk
8        android:minSdkVersion="15"
8-->src/main/AndroidManifest.xml
9        android:targetSdkVersion="29" />
9-->src/main/AndroidManifest.xml
10
11    <uses-permission android:name="android.permission.INTERNET" />
11-->src/main/AndroidManifest.xml:5:5-67
11-->src/main/AndroidManifest.xml:5:22-64
12    <uses-permission android:name="android.permission.ACCESS_NETWORK_STATE" />
12-->[com.google.firebase:firebase-database:16.0.4] AndroidManifest.xml:22:5-79
12-->[com.google.firebase:firebase-database:16.0.4] AndroidManifest.xml:22:22-76
13
14    <application
14-->src/main/AndroidManifest.xml:7:5-35:19
15        android:allowBackup="true"
15-->src/main/AndroidManifest.xml:8:9-35
16        android:appComponentFactory="androidx.core.app.CoreComponentFactory"
16-->[androidx.core:core:1.0.1] AndroidManifest.xml:22:18-86
17        android:debuggable="true"
18        android:icon="@mipmap/ic_launcher"
18-->src/main/AndroidManifest.xml:9:9-43
19        android:label="@string/app_name"
19-->src/main/AndroidManifest.xml:10:9-41
20        android:roundIcon="@mipmap/ic_launcher_round"
20-->src/main/AndroidManifest.xml:11:9-54
21        android:supportsRtl="true"
21-->src/main/AndroidManifest.xml:12:9-35
22        android:theme="@style/AppTheme" >
22-->src/main/AndroidManifest.xml:13:9-40
23        <activity android:name="com.example.restaurant1.ui.MyActivityList" >
23-->src/main/AndroidManifest.xml:15:9-19:20
23-->src/main/AndroidManifest.xml:15:19-75
24            <meta-data
24-->src/main/AndroidManifest.xml:16:13-18:75
25                android:name="android.support.PARENT_ACTIVITY"
25-->src/main/AndroidManifest.xml:17:17-63
26                android:value="com.example.restaurant1.ui.MainActivity" />
26-->src/main/AndroidManifest.xml:18:17-72
27        </activity>
28        <activity
28-->src/main/AndroidManifest.xml:20:9-28:20
29            android:name="com.example.restaurant1.ui.MainActivity"
29-->src/main/AndroidManifest.xml:21:13-44
30            android:theme="@style/NoActionBarTheme" >
30-->src/main/AndroidManifest.xml:22:13-52
31            <intent-filter>
31-->src/main/AndroidManifest.xml:23:13-27:29
32                <action android:name="android.intent.action.MAIN" />
32-->src/main/AndroidManifest.xml:24:17-69
32-->src/main/AndroidManifest.xml:24:25-66
33
34                <category android:name="android.intent.category.LAUNCHER" />
34-->src/main/AndroidManifest.xml:26:17-77
34-->src/main/AndroidManifest.xml:26:27-74
35            </intent-filter>
36        </activity>
37        <activity android:name="com.example.restaurant1.ui.ActivityDetailActivity" />
37-->src/main/AndroidManifest.xml:29:9-95
37-->src/main/AndroidManifest.xml:29:19-83
38        <activity android:name="com.example.restaurant1.ui.ActivityDetailFragment" />
38-->src/main/AndroidManifest.xml:30:9-95
38-->src/main/AndroidManifest.xml:30:19-83
39
40        <meta-data
40-->src/main/AndroidManifest.xml:32:9-34:57
41            android:name="preloaded_fonts"
41-->src/main/AndroidManifest.xml:33:13-43
42            android:resource="@array/preloaded_fonts" />
42-->src/main/AndroidManifest.xml:34:13-54
43
44        <activity
44-->[com.google.firebase:firebase-auth:16.0.5] AndroidManifest.xml:24:9-31:50
45            android:name="com.google.firebase.auth.internal.FederatedSignInActivity"
45-->[com.google.firebase:firebase-auth:16.0.5] AndroidManifest.xml:25:13-85
46            android:excludeFromRecents="true"
46-->[com.google.firebase:firebase-auth:16.0.5] AndroidManifest.xml:26:13-46
47            android:exported="true"
47-->[com.google.firebase:firebase-auth:16.0.5] AndroidManifest.xml:27:13-36
48            android:launchMode="singleTask"
48-->[com.google.firebase:firebase-auth:16.0.5] AndroidManifest.xml:28:13-44
49            android:permission="com.google.firebase.auth.api.gms.permission.LAUNCH_FEDERATED_SIGN_IN"
49-->[com.google.firebase:firebase-auth:16.0.5] AndroidManifest.xml:29:13-102
50            android:theme="@android:style/Theme.Translucent.NoTitleBar" />
50-->[com.google.firebase:firebase-auth:16.0.5] AndroidManifest.xml:30:13-72
51
52        <service
52-->[com.google.firebase:firebase-auth:16.0.5] AndroidManifest.xml:33:9-39:19
53            android:name="com.google.firebase.components.ComponentDiscoveryService"
53-->[com.google.firebase:firebase-auth:16.0.5] AndroidManifest.xml:34:13-84
54            android:exported="false" >
54-->[com.google.firebase:firebase-auth:16.0.5] AndroidManifest.xml:35:13-37
55            <meta-data
55-->[com.google.firebase:firebase-auth:16.0.5] AndroidManifest.xml:36:13-38:85
56                android:name="com.google.firebase.components:com.google.firebase.auth.FirebaseAuthRegistrar"
56-->[com.google.firebase:firebase-auth:16.0.5] AndroidManifest.xml:37:17-109
57                android:value="com.google.firebase.components.ComponentRegistrar" />
57-->[com.google.firebase:firebase-auth:16.0.5] AndroidManifest.xml:38:17-82
58        </service>
59
60        <activity
60-->[com.google.android.gms:play-services-base:16.0.1] AndroidManifest.xml:23:9-26:75
61            android:name="com.google.android.gms.common.api.GoogleApiActivity"
61-->[com.google.android.gms:play-services-base:16.0.1] AndroidManifest.xml:24:13-79
62            android:exported="false"
62-->[com.google.android.gms:play-services-base:16.0.1] AndroidManifest.xml:25:13-37
63            android:theme="@android:style/Theme.Translucent.NoTitleBar" />
63-->[com.google.android.gms:play-services-base:16.0.1] AndroidManifest.xml:26:13-72
64
65        <provider
65-->[com.google.firebase:firebase-common:16.0.3] AndroidManifest.xml:10:9-14:39
66            android:name="com.google.firebase.provider.FirebaseInitProvider"
66-->[com.google.firebase:firebase-common:16.0.3] AndroidManifest.xml:11:13-77
67            android:authorities="com.example.restaurant1.firebaseinitprovider"
67-->[com.google.firebase:firebase-common:16.0.3] AndroidManifest.xml:12:13-72
68            android:exported="false"
68-->[com.google.firebase:firebase-common:16.0.3] AndroidManifest.xml:13:13-37
69            android:initOrder="100" />
69-->[com.google.firebase:firebase-common:16.0.3] AndroidManifest.xml:14:13-36
70
71        <meta-data
71-->[com.google.android.gms:play-services-basement:16.1.0] AndroidManifest.xml:23:9-25:69
72            android:name="com.google.android.gms.version"
72-->[com.google.android.gms:play-services-basement:16.1.0] AndroidManifest.xml:24:13-58
73            android:value="@integer/google_play_services_version" />
73-->[com.google.android.gms:play-services-basement:16.1.0] AndroidManifest.xml:25:13-66
74
75        <provider
75-->[com.squareup.picasso:picasso:2.71828] AndroidManifest.xml:8:9-11:40
76            android:name="com.squareup.picasso.PicassoProvider"
76-->[com.squareup.picasso:picasso:2.71828] AndroidManifest.xml:9:13-64
77            android:authorities="com.example.restaurant1.com.squareup.picasso"
77-->[com.squareup.picasso:picasso:2.71828] AndroidManifest.xml:10:13-72
78            android:exported="false" />
78-->[com.squareup.picasso:picasso:2.71828] AndroidManifest.xml:11:13-37
79    </application>
80
81</manifest>